#
# There is insufficient memory for the Java Runtime Environment to continue.
# Native memory allocation (malloc) failed to allocate 1048576 bytes for AllocateHeap
# Possible reasons:
#   The system is out of physical RAM or swap space
#   The process is running with CompressedOops enabled, and the Java Heap may be blocking the growth of the native heap
# Possible solutions:
#   Reduce memory load on the system
#   Increase physical memory or swap space
#   Check if swap backing store is full
#   Decrease Java heap size (-Xmx/-Xms)
#   Decrease number of Java threads
#   Decrease Java thread stack sizes (-Xss)
#   Set larger code cache with -XX:ReservedCodeCacheSize=
#   JVM is running with Unscaled Compressed Oops mode in which the Java heap is
#     placed in the first 4GB address space. The Java Heap base address is the
#     maximum limit for the native heap growth. Please use -XX:HeapBaseMinAddress
#     to set the Java Heap base and to place the Java Heap above 4GB virtual address.
# This output file may be truncated or incomplete.
#
#  Out of Memory Error (allocation.cpp:44), pid=12968, tid=12408
#
# JRE version:  (21.0.2+13) (build )
# Java VM: Java HotSpot(TM) 64-Bit Server VM (21.0.2+13-LTS-58, mixed mode, sharing, tiered, compressed oops, compressed class ptrs, g1 gc, windows-amd64)
# No core dump will be written. Minidumps are not enabled by default on client versions of Windows
#

---------------  S U M M A R Y ------------

Command Line: -agentlib:jdwp=transport=dt_socket,address=127.0.0.1:64521,suspend=y,server=n -javaagent:C:\Users\Admin\AppData\Local\JetBrains\IntelliJIdea2023.2\captureAgent\debugger-agent.jar -Dfile.encoding=UTF-8 -Dsun.stdout.encoding=UTF-8 -Dsun.stderr.encoding=UTF-8 Test

Host: Intel(R) Core(TM) i5-10300H CPU @ 2.50GHz, 8 cores, 7G,  Windows 10 , 64 bit Build 19041 (10.0.19041.1503)
Time: Sat May 18 23:23:29 2024 SE Asia Standard Time elapsed time: 0.009620 seconds (0d 0h 0m 0s)

---------------  T H R E A D  ---------------

Current thread (0x000001611ec31cb0):  JavaThread "Unknown thread" [_thread_in_vm, id=12408, stack(0x000000607cb00000,0x000000607cc00000) (1024K)]

Stack: [0x000000607cb00000,0x000000607cc00000]
Native frames: (J=compiled Java code, j=interpreted, Vv=VM code, C=native code)
V  [jvm.dll+0x6cade9]
V  [jvm.dll+0x8569c1]
V  [jvm.dll+0x858d2e]
V  [jvm.dll+0x859413]
V  [jvm.dll+0x280e56]
V  [jvm.dll+0xbeb17]
V  [jvm.dll+0x331af5]
V  [jvm.dll+0x32a141]
V  [jvm.dll+0x81efa9]
V  [jvm.dll+0x3bba01]
V  [jvm.dll+0x807928]
V  [jvm.dll+0x44f50e]
V  [jvm.dll+0x450e11]
C  [jli.dll+0x52a3]
C  [ucrtbase.dll+0x21bb2]
C  [KERNEL32.DLL+0x17034]
C  [ntdll.dll+0x52651]


---------------  P R O C E S S  ---------------

Threads class SMR info:
_java_thread_list=0x00007ff94002bb88, length=0, elements={
}

Java Threads: ( => current thread )
Total: 0

Other Threads:
  0x000001611ec89590 WorkerThread "GC Thread#0"                     [id=11832, stack(0x000000607cc00000,0x000000607cd00000) (1024K)]

[error occurred during error reporting (printing all threads), id 0xc0000005, EXCEPTION_ACCESS_VIOLATION (0xc0000005) at pc=0x00007ff93f796680]
VM state: not at safepoint (not fully initialized)

VM Mutex/Monitor currently owned by a thread:  ([mutex/lock_event])
[0x00007ff94009ce68] Heap_lock - owner thread: 0x000001611ec31cb0

Heap address: 0x0000000083400000, size: 1996 MB, Compressed Oops mode: 32-bit

CDS archive(s) mapped at: [0x0000000000000000-0x0000000000000000-0x0000000000000000), size 0, SharedBaseAddress: 0x0000000800000000, ArchiveRelocationMode: 1.
Narrow klass base: 0x0000000000000000, Narrow klass shift: 0, Narrow klass range: 0x0

GC Precious Log:
 CardTable entry size: 512
 Card Set container configuration: InlinePtr #cards 5 size 8 Array Of Cards #cards 12 size 40 Howl #buckets 4 coarsen threshold 1843 Howl Bitmap #cards 512 size 80 coarsen threshold 460 Card regions per heap region 1 cards per card region 2048

Heap:
 garbage-first heap   total 0K, used 0K [0x0000000083400000, 0x0000000100000000)
  region size 1024K, 0 young (0K), 0 survivors (0K)

[error occurred during error reporting (printing heap information), id 0xc0000005, EXCEPTION_ACCESS_VIOLATION (0xc0000005) at pc=0x00007ff93fb839f9]
GC Heap History (0 events):
No events

Dll operation events (2 events):
Event: 0.007 Loaded shared library C:\Program Files\Java\jdk-21\bin\java.dll
Event: 0.007 Loaded shared library C:\Program Files\Java\jdk-21\bin\zip.dll

Deoptimization events (0 events):
No events

Classes loaded (0 events):
No events

Classes unloaded (0 events):
No events

Classes redefined (0 events):
No events

Internal exceptions (0 events):
No events

ZGC Phase Switch (0 events):
No events

VM Operations (0 events):
No events

Events (0 events):
No events


Dynamic libraries:
0x00007ff687d50000 - 0x00007ff687d60000 	C:\Program Files\Java\jdk-21\bin\java.exe
0x00007ff9a5fd0000 - 0x00007ff9a61c5000 	C:\Windows\SYSTEM32\ntdll.dll
0x00007ff9a4e20000 - 0x00007ff9a4ede000 	C:\Windows\System32\KERNEL32.DLL
0x00007ff9a3810000 - 0x00007ff9a3ad8000 	C:\Windows\System32\KERNELBASE.dll
0x00007ff9a3dc0000 - 0x00007ff9a3ec0000 	C:\Windows\System32\ucrtbase.dll
0x00007ff98a1a0000 - 0x00007ff98a1bb000 	C:\Program Files\Java\jdk-21\bin\VCRUNTIME140.dll
0x00007ff98a180000 - 0x00007ff98a199000 	C:\Program Files\Java\jdk-21\bin\jli.dll
0x00007ff9a49a0000 - 0x00007ff9a4a4e000 	C:\Windows\System32\ADVAPI32.dll
0x00007ff9a4810000 - 0x00007ff9a48ae000 	C:\Windows\System32\msvcrt.dll
0x00007ff9a4270000 - 0x00007ff9a430c000 	C:\Windows\System32\sechost.dll
0x00007ff9a4ce0000 - 0x00007ff9a4e05000 	C:\Windows\System32\RPCRT4.dll
0x00007ff9a4670000 - 0x00007ff9a4810000 	C:\Windows\System32\USER32.dll
0x00007ff9a3ae0000 - 0x00007ff9a3b02000 	C:\Windows\System32\win32u.dll
0x00007ff9888a0000 - 0x00007ff988b3a000 	C:\Windows\WinSxS\amd64_microsoft.windows.common-controls_6595b64144ccf1df_6.0.19041.1110_none_60b5254171f9507e\COMCTL32.dll
0x00007ff9a5020000 - 0x00007ff9a504b000 	C:\Windows\System32\GDI32.dll
0x00007ff9a3cb0000 - 0x00007ff9a3dbd000 	C:\Windows\System32\gdi32full.dll
0x00007ff9a3b10000 - 0x00007ff9a3bad000 	C:\Windows\System32\msvcp_win.dll
0x00007ff9976c0000 - 0x00007ff9976ca000 	C:\Windows\SYSTEM32\VERSION.dll
0x00007ff9a51e0000 - 0x00007ff9a5210000 	C:\Windows\System32\IMM32.DLL
0x00007ff991500000 - 0x00007ff99150c000 	C:\Program Files\Java\jdk-21\bin\vcruntime140_1.dll
0x00007ff987460000 - 0x00007ff9874ee000 	C:\Program Files\Java\jdk-21\bin\msvcp140.dll
0x00007ff93f460000 - 0x00007ff940177000 	C:\Program Files\Java\jdk-21\bin\server\jvm.dll
0x00007ff9a4c70000 - 0x00007ff9a4cdb000 	C:\Windows\System32\WS2_32.dll
0x00007ff9a2c50000 - 0x00007ff9a2c9b000 	C:\Windows\SYSTEM32\POWRPROF.dll
0x00007ff98aab0000 - 0x00007ff98aad7000 	C:\Windows\SYSTEM32\WINMM.dll
0x00007ff9a2b10000 - 0x00007ff9a2b22000 	C:\Windows\SYSTEM32\UMPDC.dll
0x00007ff9a1f60000 - 0x00007ff9a1f72000 	C:\Windows\SYSTEM32\kernel.appcore.dll
0x00007ff9904c0000 - 0x00007ff9904ca000 	C:\Program Files\Java\jdk-21\bin\jimage.dll
0x00007ff9a1360000 - 0x00007ff9a1544000 	C:\Windows\SYSTEM32\DBGHELP.DLL
0x00007ff992980000 - 0x00007ff9929ac000 	C:\Windows\SYSTEM32\dbgcore.DLL
0x00007ff9a3750000 - 0x00007ff9a37d2000 	C:\Windows\System32\bcryptPrimitives.dll
0x00007ff989e40000 - 0x00007ff989e7c000 	C:\Program Files\Java\jdk-21\bin\jdwp.dll
0x00007ff98cde0000 - 0x00007ff98cdef000 	C:\Program Files\Java\jdk-21\bin\instrument.dll
0x00007ff98a160000 - 0x00007ff98a17f000 	C:\Program Files\Java\jdk-21\bin\java.dll
0x00007ff98a120000 - 0x00007ff98a138000 	C:\Program Files\Java\jdk-21\bin\zip.dll

dbghelp: loaded successfully - version: 4.0.5 - missing functions: none
symbol engine: initialized successfully - sym options: 0x614 - pdb path: .;C:\Program Files\Java\jdk-21\bin;C:\Windows\SYSTEM32;C:\Windows\WinSxS\amd64_microsoft.windows.common-controls_6595b64144ccf1df_6.0.19041.1110_none_60b5254171f9507e;C:\Program Files\Java\jdk-21\bin\server

VM Arguments:
jvm_args: -agentlib:jdwp=transport=dt_socket,address=127.0.0.1:64521,suspend=y,server=n -javaagent:C:\Users\Admin\AppData\Local\JetBrains\IntelliJIdea2023.2\captureAgent\debugger-agent.jar -Dfile.encoding=UTF-8 -Dsun.stdout.encoding=UTF-8 -Dsun.stderr.encoding=UTF-8 
java_command: Test
java_class_path (initial): D:\CTDL&GT\out\production\_6_Tree_Node;C:\Program Files\JetBrains\IntelliJ IDEA 2023.2\lib\idea_rt.jar
Launcher Type: SUN_STANDARD

[Global flags]
     intx CICompilerCount                          = 4                                         {product} {ergonomic}
     uint ConcGCThreads                            = 2                                         {product} {ergonomic}
     uint G1ConcRefinementThreads                  = 8                                         {product} {ergonomic}
   size_t G1HeapRegionSize                         = 1048576                                   {product} {ergonomic}
    uintx GCDrainStackTargetSize                   = 64                                        {product} {ergonomic}
   size_t InitialHeapSize                          = 132120576                                 {product} {ergonomic}
   size_t MarkStackSize                            = 4194304                                   {product} {ergonomic}
   size_t MaxHeapSize                              = 2092957696                                {product} {ergonomic}
   size_t MinHeapDeltaBytes                        = 1048576                                   {product} {ergonomic}
   size_t MinHeapSize                              = 8388608                                   {product} {ergonomic}
    uintx NonNMethodCodeHeapSize                   = 5839372                                {pd product} {ergonomic}
    uintx NonProfiledCodeHeapSize                  = 122909434                              {pd product} {ergonomic}
    uintx ProfiledCodeHeapSize                     = 122909434                              {pd product} {ergonomic}
    uintx ReservedCodeCacheSize                    = 251658240                              {pd product} {ergonomic}
     bool SegmentedCodeCache                       = true                                      {product} {ergonomic}
   size_t SoftMaxHeapSize                          = 2092957696                             {manageable} {ergonomic}
     bool UseCompressedOops                        = true                           {product lp64_product} {ergonomic}
     bool UseG1GC                                  = true                                      {product} {ergonomic}
     bool UseLargePagesIndividualAllocation        = false                                  {pd product} {ergonomic}

Logging:
Log output configuration:
 #0: stdout all=warning uptime,level,tags foldmultilines=false
 #1: stderr all=off uptime,level,tags foldmultilines=false

Environment Variables:
JAVA_HOME=C:\Program Files\Java\jdk-17
PATH=C:\Program Files\Common Files\Oracle\Java\javapath;C:\Windows\system32;C:\Windows;C:\Windows\System32\Wbem;C:\Windows\System32\WindowsPowerShell\v1.0\;C:\Windows\System32\OpenSSH\;C:\Program Files\Git\cmd;C:\Program Files\MySQL\MySQL Server 8.0\bin;C:\Program Files\MySQL\MySQL Shell 8.0\bin\;C:\Users\Admin\AppData\Local\Microsoft\WindowsApps;C:\Users\Admin\AppData\Local\Programs\Microsoft VS Code\bin
USERNAME=Admin
OS=Windows_NT
PROCESSOR_IDENTIFIER=Intel64 Family 6 Model 165 Stepping 2, GenuineIntel
TMP=C:\Users\Admin\AppData\Local\Temp
TEMP=C:\Users\Admin\AppData\Local\Temp




Periodic native trim disabled

---------------  S Y S T E M  ---------------

OS:
 Windows 10 , 64 bit Build 19041 (10.0.19041.1503)
OS uptime: 2 days 0:34 hours

CPU: total 8 (initial active 8) (4 cores per cpu, 2 threads per core) family 6 model 165 stepping 2 microcode 0xc8, cx8, cmov, fxsr, ht, mmx, 3dnowpref, sse, sse2, sse3, ssse3, sse4.1, sse4.2, popcnt, lzcnt, tsc, tscinvbit, avx, avx2, aes, erms, clmul, bmi1, bmi2, adx, fma, vzeroupper, clflush, clflushopt, rdtscp, f16c, pku
Processor Information for all 8 processors :
  Max Mhz: 2496, Current Mhz: 2496, Mhz Limit: 2496

Memory: 4k page, system-wide physical 7979M (1381M free)
TotalPageFile size 12075M (AvailPageFile size 4M)
current process WorkingSet (physical memory assigned to process): 10M, peak: 10M
current process commit charge ("private bytes"): 53M, peak: 54M

vm_info: Java HotSpot(TM) 64-Bit Server VM (21.0.2+13-LTS-58) for windows-amd64 JRE (21.0.2+13-LTS-58), built on 2024-01-05T18:32:24Z by "mach5one" with MS VC++ 17.1 (VS2022)

END.
