#
# There is insufficient memory for the Java Runtime Environment to continue.
# Native memory allocation (mmap) failed to map 132120576 bytes for G1 virtual space
# Possible reasons:
#   The system is out of physical RAM or swap space
#   The process is running with CompressedOops enabled, and the Java Heap may be blocking the growth of the native heap
# Possible solutions:
#   Reduce memory load on the system
#   Increase physical memory or swap space
#   Check if swap backing store is full
#   Decrease Java heap size (-Xmx/-Xms)
#   Decrease number of Java threads
#   Decrease Java thread stack sizes (-Xss)
#   Set larger code cache with -XX:ReservedCodeCacheSize=
#   JVM is running with Unscaled Compressed Oops mode in which the Java heap is
#     placed in the first 4GB address space. The Java Heap base address is the
#     maximum limit for the native heap growth. Please use -XX:HeapBaseMinAddress
#     to set the Java Heap base and to place the Java Heap above 4GB virtual address.
# This output file may be truncated or incomplete.
#
#  Out of Memory Error (os_windows.cpp:3600), pid=8324, tid=4476
#
# JRE version:  (21.0.2+13) (build )
# Java VM: Java HotSpot(TM) 64-Bit Server VM (21.0.2+13-LTS-58, mixed mode, sharing, tiered, compressed oops, compressed class ptrs, g1 gc, windows-amd64)
# No core dump will be written. Minidumps are not enabled by default on client versions of Windows
#

---------------  S U M M A R Y ------------

Command Line: -javaagent:C:\Program Files\JetBrains\IntelliJ IDEA 2023.2\lib\idea_rt.jar=64174:C:\Program Files\JetBrains\IntelliJ IDEA 2023.2\bin -Dfile.encoding=UTF-8 -Dsun.stdout.encoding=UTF-8 -Dsun.stderr.encoding=UTF-8 _1672_Richest_Customer_Wealth

Host: Intel(R) Core(TM) i5-10300H CPU @ 2.50GHz, 8 cores, 7G,  Windows 10 , 64 bit Build 19041 (10.0.19041.1503)
Time: Sun May 12 22:51:54 2024 SE Asia Standard Time elapsed time: 0.017430 seconds (0d 0h 0m 0s)

---------------  T H R E A D  ---------------

Current thread (0x00000192afbd0040):  JavaThread "Unknown thread" [_thread_in_vm, id=4476, stack(0x000000447be00000,0x000000447bf00000) (1024K)]

Stack: [0x000000447be00000,0x000000447bf00000]
Native frames: (J=compiled Java code, j=interpreted, Vv=VM code, C=native code)
V  [jvm.dll+0x6cade9]
V  [jvm.dll+0x8569c1]
V  [jvm.dll+0x858d2e]
V  [jvm.dll+0x859413]
V  [jvm.dll+0x280e56]
V  [jvm.dll+0x6c74d5]
V  [jvm.dll+0x6bbeca]
V  [jvm.dll+0x355bca]
V  [jvm.dll+0x35d816]
V  [jvm.dll+0x3ae67e]
V  [jvm.dll+0x3ae928]
V  [jvm.dll+0x3295dc]
V  [jvm.dll+0x32a16b]
V  [jvm.dll+0x81efa9]
V  [jvm.dll+0x3bba01]
V  [jvm.dll+0x807928]
V  [jvm.dll+0x44f50e]
V  [jvm.dll+0x450e11]
C  [jli.dll+0x52a3]
C  [ucrtbase.dll+0x21bb2]
C  [KERNEL32.DLL+0x17034]
C  [ntdll.dll+0x52651]


---------------  P R O C E S S  ---------------

Threads class SMR info:
_java_thread_list=0x00007ffb0795bb88, length=0, elements={
}

Java Threads: ( => current thread )
Total: 0

Other Threads:
  0x00000192afc26d30 WorkerThread "GC Thread#0"                     [id=9180, stack(0x000000447bf00000,0x000000447c000000) (1024K)]
  0x00000192afc38760 ConcurrentGCThread "G1 _933_number_of_recent_calls Marker"            [id=10020, stack(0x000000447c000000,0x000000447c100000) (1024K)]
  0x00000192afc39910 WorkerThread "G1 Conc#0"                       [id=2600, stack(0x000000447c100000,0x000000447c200000) (1024K)]

[error occurred during error reporting (printing all threads), id 0xc0000005, EXCEPTION_ACCESS_VIOLATION (0xc0000005) at pc=0x00007ffb070cc6a7]
VM state: not at safepoint (not fully initialized)

VM Mutex/Monitor currently owned by a thread:  ([mutex/lock_event])
[0x00007ffb079cce68] Heap_lock - owner thread: 0x00000192afbd0040

Heap address: 0x0000000083400000, size: 1996 MB, Compressed Oops mode: 32-bit

CDS archive(s) mapped at: [0x0000000000000000-0x0000000000000000-0x0000000000000000), size 0, SharedBaseAddress: 0x0000000800000000, ArchiveRelocationMode: 1.
Narrow klass base: 0x0000000000000000, Narrow klass shift: 0, Narrow klass range: 0x0

GC Precious Log:
 CardTable entry size: 512
 Card Set container configuration: InlinePtr #cards 5 size 8 Array Of Cards #cards 12 size 40 Howl #buckets 4 coarsen threshold 1843 Howl Bitmap #cards 512 size 80 coarsen threshold 460 Card regions per heap region 1 cards per card region 2048

Heap:
 garbage-first heap   total 0K, used 0K [0x0000000083400000, 0x0000000100000000)
  region size 1024K, 0 young (0K), 0 survivors (0K)

[error occurred during error reporting (printing heap information), id 0xc0000005, EXCEPTION_ACCESS_VIOLATION (0xc0000005) at pc=0x00007ffb074b39f9]
GC Heap History (0 events):
No events

Dll operation events (1 events):
Event: 0.005 Loaded shared library C:\Program Files\Java\jdk-21\bin\java.dll

Deoptimization events (0 events):
No events

Classes loaded (0 events):
No events

Classes unloaded (0 events):
No events

Classes redefined (0 events):
No events

Internal exceptions (0 events):
No events

ZGC Phase Switch (0 events):
No events

VM Operations (0 events):
No events

Events (0 events):
No events


Dynamic libraries:
0x00007ff6380d0000 - 0x00007ff6380e0000 	C:\Program Files\Java\jdk-21\bin\java.exe
0x00007ffb49cf0000 - 0x00007ffb49ee5000 	C:\Windows\SYSTEM32\ntdll.dll
0x00007ffb49a10000 - 0x00007ffb49ace000 	C:\Windows\System32\KERNEL32.DLL
0x00007ffb47510000 - 0x00007ffb477d8000 	C:\Windows\System32\KERNELBASE.dll
0x00007ffb47a80000 - 0x00007ffb47b80000 	C:\Windows\System32\ucrtbase.dll
0x00007ffb33370000 - 0x00007ffb3338b000 	C:\Program Files\Java\jdk-21\bin\VCRUNTIME140.dll
0x00007ffb32810000 - 0x00007ffb32829000 	C:\Program Files\Java\jdk-21\bin\jli.dll
0x00007ffb495c0000 - 0x00007ffb4966e000 	C:\Windows\System32\ADVAPI32.dll
0x00007ffb48c40000 - 0x00007ffb48cde000 	C:\Windows\System32\msvcrt.dll
0x00007ffb48480000 - 0x00007ffb4851c000 	C:\Windows\System32\sechost.dll
0x00007ffb47d40000 - 0x00007ffb47e65000 	C:\Windows\System32\RPCRT4.dll
0x00007ffb49870000 - 0x00007ffb49a10000 	C:\Windows\System32\USER32.dll
0x00007ffb47d10000 - 0x00007ffb47d32000 	C:\Windows\System32\win32u.dll
0x00007ffb2ca40000 - 0x00007ffb2ccda000 	C:\Windows\WinSxS\amd64_microsoft.windows.common-controls_6595b64144ccf1df_6.0.19041.1110_none_60b5254171f9507e\COMCTL32.dll
0x00007ffb47e70000 - 0x00007ffb47e9b000 	C:\Windows\System32\GDI32.dll
0x00007ffb47400000 - 0x00007ffb4750d000 	C:\Windows\System32\gdi32full.dll
0x00007ffb47b80000 - 0x00007ffb47c1d000 	C:\Windows\System32\msvcp_win.dll
0x00007ffb3d740000 - 0x00007ffb3d74a000 	C:\Windows\SYSTEM32\VERSION.dll
0x00007ffb48320000 - 0x00007ffb48350000 	C:\Windows\System32\IMM32.DLL
0x00007ffb36050000 - 0x00007ffb3605c000 	C:\Program Files\Java\jdk-21\bin\vcruntime140_1.dll
0x00007ffb15630000 - 0x00007ffb156be000 	C:\Program Files\Java\jdk-21\bin\msvcp140.dll
0x00007ffb06d90000 - 0x00007ffb07aa7000 	C:\Program Files\Java\jdk-21\bin\server\jvm.dll
0x00007ffb49ad0000 - 0x00007ffb49b3b000 	C:\Windows\System32\WS2_32.dll
0x00007ffb469c0000 - 0x00007ffb46a0b000 	C:\Windows\SYSTEM32\POWRPROF.dll
0x00007ffb2b410000 - 0x00007ffb2b437000 	C:\Windows\SYSTEM32\WINMM.dll
0x00007ffb46830000 - 0x00007ffb46842000 	C:\Windows\SYSTEM32\UMPDC.dll
0x00007ffb45c80000 - 0x00007ffb45c92000 	C:\Windows\SYSTEM32\kernel.appcore.dll
0x00007ffb35bb0000 - 0x00007ffb35bba000 	C:\Program Files\Java\jdk-21\bin\jimage.dll
0x00007ffb451f0000 - 0x00007ffb453d4000 	C:\Windows\SYSTEM32\DBGHELP.DLL
0x00007ffb36020000 - 0x00007ffb3604c000 	C:\Windows\SYSTEM32\dbgcore.DLL
0x00007ffb47890000 - 0x00007ffb47912000 	C:\Windows\System32\bcryptPrimitives.dll
0x00007ffb35af0000 - 0x00007ffb35aff000 	C:\Program Files\Java\jdk-21\bin\instrument.dll
0x00007ffb31bb0000 - 0x00007ffb31bcf000 	C:\Program Files\Java\jdk-21\bin\java.dll

dbghelp: loaded successfully - version: 4.0.5 - missing functions: none
symbol engine: initialized successfully - sym options: 0x614 - pdb path: .;C:\Program Files\Java\jdk-21\bin;C:\Windows\SYSTEM32;C:\Windows\WinSxS\amd64_microsoft.windows.common-controls_6595b64144ccf1df_6.0.19041.1110_none_60b5254171f9507e;C:\Program Files\Java\jdk-21\bin\server

VM Arguments:
jvm_args: -javaagent:C:\Program Files\JetBrains\IntelliJ IDEA 2023.2\lib\idea_rt.jar=64174:C:\Program Files\JetBrains\IntelliJ IDEA 2023.2\bin -Dfile.encoding=UTF-8 -Dsun.stdout.encoding=UTF-8 -Dsun.stderr.encoding=UTF-8 
java_command: _1672_Richest_Customer_Wealth
java_class_path (initial): D:\CTDL&GT\out\production\Array2chieu
Launcher Type: SUN_STANDARD

[Global flags]
     intx CICompilerCount                          = 4                                         {product} {ergonomic}
     uint ConcGCThreads                            = 2                                         {product} {ergonomic}
     uint G1ConcRefinementThreads                  = 8                                         {product} {ergonomic}
   size_t G1HeapRegionSize                         = 1048576                                   {product} {ergonomic}
    uintx GCDrainStackTargetSize                   = 64                                        {product} {ergonomic}
   size_t InitialHeapSize                          = 132120576                                 {product} {ergonomic}
   size_t MarkStackSize                            = 4194304                                   {product} {ergonomic}
   size_t MaxHeapSize                              = 2092957696                                {product} {ergonomic}
   size_t MinHeapDeltaBytes                        = 1048576                                   {product} {ergonomic}
   size_t MinHeapSize                              = 8388608                                   {product} {ergonomic}
    uintx NonNMethodCodeHeapSize                   = 5839372                                {pd product} {ergonomic}
    uintx NonProfiledCodeHeapSize                  = 122909434                              {pd product} {ergonomic}
    uintx ProfiledCodeHeapSize                     = 122909434                              {pd product} {ergonomic}
    uintx ReservedCodeCacheSize                    = 251658240                              {pd product} {ergonomic}
     bool SegmentedCodeCache                       = true                                      {product} {ergonomic}
   size_t SoftMaxHeapSize                          = 2092957696                             {manageable} {ergonomic}
     bool UseCompressedOops                        = true                           {product lp64_product} {ergonomic}
     bool UseG1GC                                  = true                                      {product} {ergonomic}
     bool UseLargePagesIndividualAllocation        = false                                  {pd product} {ergonomic}

Logging:
Log output configuration:
 #0: stdout all=warning uptime,level,tags foldmultilines=false
 #1: stderr all=off uptime,level,tags foldmultilines=false

Environment Variables:
JAVA_HOME=C:\Program Files\Java\jdk-17
PATH=C:\Program Files\Common Files\Oracle\Java\javapath;C:\Windows\system32;C:\Windows;C:\Windows\System32\Wbem;C:\Windows\System32\WindowsPowerShell\v1.0\;C:\Windows\System32\OpenSSH\;C:\Program Files\Git\cmd;C:\Program Files\MySQL\MySQL Server 8.0\bin;C:\Program Files\MySQL\MySQL Shell 8.0\bin\;C:\Users\Admin\AppData\Local\Microsoft\WindowsApps;C:\Users\Admin\AppData\Local\Programs\Microsoft VS Code\bin
USERNAME=Admin
OS=Windows_NT
PROCESSOR_IDENTIFIER=Intel64 Family 6 Model 165 Stepping 2, GenuineIntel
TMP=C:\Users\Admin\AppData\Local\Temp
TEMP=C:\Users\Admin\AppData\Local\Temp




Periodic native trim disabled

---------------  S Y S T E M  ---------------

OS:
 Windows 10 , 64 bit Build 19041 (10.0.19041.1503)
OS uptime: 9 days 6:42 hours

CPU: total 8 (initial active 8) (4 cores per cpu, 2 threads per core) family 6 model 165 stepping 2 microcode 0xc8, cx8, cmov, fxsr, ht, mmx, 3dnowpref, sse, sse2, sse3, ssse3, sse4.1, sse4.2, popcnt, lzcnt, tsc, tscinvbit, avx, avx2, aes, erms, clmul, bmi1, bmi2, adx, fma, vzeroupper, clflush, clflushopt, rdtscp, f16c, pku
Processor Information for all 8 processors :
  Max Mhz: 2496, Current Mhz: 2496, Mhz Limit: 2496

Memory: 4k page, system-wide physical 7979M (722M free)
TotalPageFile size 12075M (AvailPageFile size 111M)
current process WorkingSet (physical memory assigned to process): 10M, peak: 10M
current process commit charge ("private bytes"): 60M, peak: 186M

vm_info: Java HotSpot(TM) 64-Bit Server VM (21.0.2+13-LTS-58) for windows-amd64 JRE (21.0.2+13-LTS-58), built on 2024-01-05T18:32:24Z by "mach5one" with MS VC++ 17.1 (VS2022)

END.
